<?xml version="1.0" encoding="UTF-8"?>
<!-- Generated by org.testng.reporters.JUnitReportReporter -->
<testsuite hostname="DESKTOP-9JCE1NT" failures="0" tests="1" name="TestCase3" time="39.818" errors="0" timestamp="2023-05-24T20:20:06 EEST" skipped="0">
  <testcase classname="TestCase3" name="selectCountriesRandomly" time="39.818"/>
  <system-out/>
</testsuite> <!-- TestCase3 -->
