<?xml version="1.0" encoding="UTF-8"?>
<!-- Generated by org.testng.reporters.JUnitReportReporter -->
<testsuite hostname="DESKTOP-9JCE1NT" failures="0" tests="1" name="TestCase6" time="133.939" errors="0" timestamp="2023-06-08T11:13:16 EEST" skipped="0">
  <testcase classname="TestCase6" name="hotelsBookTest" time="133.939"/>
  <system-out/>
</testsuite> <!-- TestCase6 -->
