<?xml version="1.0" encoding="UTF-8"?>
<!-- Generated by org.testng.reporters.JUnitReportReporter -->
<testsuite hostname="DESKTOP-9JCE1NT" failures="0" tests="1" name="TestCase4" time="54.097" errors="0" timestamp="2023-06-08T11:13:16 EEST" skipped="0">
  <testcase classname="TestCase4" name="randomWebSiteLanguage" time="54.097"/>
  <system-out/>
</testsuite> <!-- TestCase4 -->
